11:38:31.595 [main] INFO  com.caijia.listener.AppListener - 执行AppListener
11:38:31.918 [main] INFO  o.s.web.servlet.DispatcherServlet - Initializing Servlet 'dispatcher'
11:38:33.530 [main] INFO  com.caijia.AppConfig - 获取mysql数据源
11:38:33.538 [main] WARN  com.zaxxer.hikari.HikariConfig - HikariPool-1 - idleTimeout has been set but has no effect because the pool is operating as a fixed size pool.
11:38:33.542 [main] INFO  com.zaxxer.hikari.HikariDataSource - HikariPool-1 - Starting...
11:38:33.886 [main] INFO  com.zaxxer.hikari.HikariDataSource - HikariPool-1 - Start completed.
11:38:34.119 [main] INFO  com.caijia.service.MailService - Init mail service with zoneId = UTC+08:00
11:38:35.581 [main] INFO  o.s.web.servlet.DispatcherServlet - Completed initialization in 3661 ms
11:38:42.499 [http-nio-8080-exec-1] INFO  c.c.interceptor.LoggerInterceptor - preHandle /user/profile...
11:38:42.501 [http-nio-8080-exec-1] INFO  c.caijia.interceptor.AuthInterceptor - pre authenticate /user/profile...
11:38:42.574 [http-nio-8080-exec-1] INFO  c.c.interceptor.LoggerInterceptor - postHandle /user/profile.
11:38:42.735 [http-nio-8080-exec-1] INFO  c.c.interceptor.LoggerInterceptor - afterCompletion /user/profile: exception = null
11:40:17.425 [main] INFO  com.caijia.listener.AppListener - 执行AppListener
11:40:17.870 [main] INFO  o.s.web.servlet.DispatcherServlet - Initializing Servlet 'dispatcher'
11:40:19.605 [main] INFO  com.caijia.AppConfig - 获取mysql数据源
11:40:19.618 [main] WARN  com.zaxxer.hikari.HikariConfig - HikariPool-1 - idleTimeout has been set but has no effect because the pool is operating as a fixed size pool.
11:40:19.624 [main] INFO  com.zaxxer.hikari.HikariDataSource - HikariPool-1 - Starting...
11:40:20.189 [main] INFO  com.zaxxer.hikari.HikariDataSource - HikariPool-1 - Start completed.
11:40:20.730 [main] INFO  com.caijia.service.MailService - Init mail service with zoneId = UTC+08:00
11:40:22.768 [main] INFO  o.s.web.servlet.DispatcherServlet - Completed initialization in 4898 ms
11:40:55.724 [http-nio-8080-exec-1] INFO  c.c.interceptor.LoggerInterceptor - preHandle /user/profile...
11:40:55.726 [http-nio-8080-exec-1] INFO  c.caijia.interceptor.AuthInterceptor - pre authenticate /user/profile...
11:41:19.334 [http-nio-8080-exec-1] INFO  c.c.interceptor.LoggerInterceptor - postHandle /user/profile.
11:41:19.468 [http-nio-8080-exec-1] INFO  c.c.interceptor.LoggerInterceptor - afterCompletion /user/profile: exception = null
11:42:10.735 [main] INFO  com.caijia.listener.AppListener - 执行AppListener
11:42:11.022 [main] INFO  o.s.web.servlet.DispatcherServlet - Initializing Servlet 'dispatcher'
11:42:12.754 [main] INFO  com.caijia.AppConfig - 获取mysql数据源
11:42:12.762 [main] WARN  com.zaxxer.hikari.HikariConfig - HikariPool-1 - idleTimeout has been set but has no effect because the pool is operating as a fixed size pool.
11:42:12.766 [main] INFO  com.zaxxer.hikari.HikariDataSource - HikariPool-1 - Starting...
11:42:13.191 [main] INFO  com.zaxxer.hikari.HikariDataSource - HikariPool-1 - Start completed.
11:42:13.489 [main] INFO  com.caijia.service.MailService - Init mail service with zoneId = UTC+08:00
11:42:14.879 [main] INFO  o.s.web.servlet.DispatcherServlet - Completed initialization in 3857 ms
11:42:20.478 [http-nio-8080-exec-1] INFO  c.c.interceptor.LoggerInterceptor - preHandle /user/profile...
11:42:20.480 [http-nio-8080-exec-1] INFO  c.caijia.interceptor.AuthInterceptor - pre authenticate /user/profile...
11:42:20.613 [http-nio-8080-exec-1] INFO  c.c.interceptor.LoggerInterceptor - postHandle /user/profile.
11:42:20.828 [http-nio-8080-exec-1] INFO  c.c.interceptor.LoggerInterceptor - afterCompletion /user/profile: exception = null
